0 info it worked if it ends with ok
1 verbose cli [ '/usr/local/bin/node', '/usr/local/bin/npm', 'start' ]
2 info using npm@4.1.2
3 info using node@v7.7.4
4 verbose run-script [ 'prestart', 'start', 'poststart' ]
5 info lifecycle mysite@1.0.0~prestart: mysite@1.0.0
6 silly lifecycle mysite@1.0.0~prestart: no script for prestart, continuing
7 info lifecycle mysite@1.0.0~start: mysite@1.0.0
8 verbose lifecycle mysite@1.0.0~start: unsafe-perm in lifecycle true
9 verbose lifecycle mysite@1.0.0~start: PATH: /usr/local/lib/node_modules/npm/bin/node-gyp-bin:/Users/markkhazanov/Development/mysite-v2/node_modules/.bin:/bin:/sbin:/usr/bin:/usr/local/sbin:/usr/local/bin:/Library/Frameworks/Python.framework/Versions/2.7/bin:/Library/Frameworks/Python.framework/Versions/3.4/bin:/usr/local/rvm/gems/ruby-2.2.0/bin:/usr/local/rvm/gems/ruby-2.2.0@global/bin:/usr/local/rvm/rubies/ruby-2.2.0/bin:/usr/local/bin:/usr/bin:/bin:/usr/sbin:/sbin:/opt/X11/bin:/usr/local/git/bin:/usr/local/MacGPG2/bin:/Library/TeX/texbin:/opt/sm/bin:/opt/sm/pkg/active/bin:/opt/sm/pkg/active/sbin:/usr/local/rvm/bin:/usr/local/mysql/bin/
10 verbose lifecycle mysite@1.0.0~start: CWD: /Users/markkhazanov/Development/mysite-v2
11 silly lifecycle mysite@1.0.0~start: Args: [ '-c', 'node index.js' ]
12 silly lifecycle mysite@1.0.0~start: Returned: code: 1  signal: null
13 info lifecycle mysite@1.0.0~start: Failed to exec start script
14 verbose stack Error: mysite@1.0.0 start: `node index.js`
14 verbose stack Exit status 1
14 verbose stack     at EventEmitter.<anonymous> (/usr/local/lib/node_modules/npm/lib/utils/lifecycle.js:279:16)
14 verbose stack     at emitTwo (events.js:106:13)
14 verbose stack     at EventEmitter.emit (events.js:194:7)
14 verbose stack     at ChildProcess.<anonymous> (/usr/local/lib/node_modules/npm/lib/utils/spawn.js:40:14)
14 verbose stack     at emitTwo (events.js:106:13)
14 verbose stack     at ChildProcess.emit (events.js:194:7)
14 verbose stack     at maybeClose (internal/child_process.js:899:16)
14 verbose stack     at Process.ChildProcess._handle.onexit (internal/child_process.js:226:5)
15 verbose pkgid mysite@1.0.0
16 verbose cwd /Users/markkhazanov/Development/mysite-v2
17 error Darwin 15.6.0
18 error argv "/usr/local/bin/node" "/usr/local/bin/npm" "start"
19 error node v7.7.4
20 error npm  v4.1.2
21 error code ELIFECYCLE
22 error mysite@1.0.0 start: `node index.js`
22 error Exit status 1
23 error Failed at the mysite@1.0.0 start script 'node index.js'.
23 error Make sure you have the latest version of node.js and npm installed.
23 error If you do, this is most likely a problem with the mysite package,
23 error not with npm itself.
23 error Tell the author that this fails on your system:
23 error     node index.js
23 error You can get information on how to open an issue for this project with:
23 error     npm bugs mysite
23 error Or if that isn't available, you can get their info via:
23 error     npm owner ls mysite
23 error There is likely additional logging output above.
24 verbose exit [ 1, true ]
